/*C3*/SET SCHEMA PUBLIC
INSERT INTO CLIENTS VALUES('673ce77d-f238-4edc-8ed6-8f5f827267e5','\u0424\u0438\u043b\u0438\u043f\u043f\u043e\u0432 \u0414\u043c\u0438\u0442\u0440\u0438\u044f \u041d\u0438\u043a\u043e\u043b\u0430\u0435\u0432\u0438\u0447','89563748723','fdn@gmail.com','8674886583','9652c670-7e5c-4721-b0f1-df6889b5d01a')
COMMIT
INSERT INTO CLIENTS VALUES('1ebf2cdd-1ea5-4659-92ee-0c1de98da747','\u041d\u0435\u043a\u0440\u0430\u0441\u043e\u0432 \u0410\u043b\u0435\u043a\u0441\u0435\u0439 \u0412\u0438\u043a\u0442\u043e\u0440\u043e\u0432\u0438\u0447','89453646362','nav@mail.ru','6686843321','e398301c-1378-4c52-83a5-9265bb3aea77')
COMMIT
INSERT INTO CLIENTS VALUES('74a2fa2f-80f0-408c-8a78-dfdc3e046ddf','\u0422\u0438\u0445\u043e\u043d\u043e\u0432 \u0412\u0438\u0442\u0430\u043b\u0438\u0439 \u0410\u043b\u0435\u043a\u0441\u0435\u0435\u0432\u0438\u0447','89045382891','tva@yandex.ru','9857372170','e1390fd4-f0e1-4a1b-9634-5994d183f98f')
COMMIT
INSERT INTO CLIENTS VALUES('3ab8a752-230f-47a3-975f-a095f5446366','\u041b\u0443\u043a\u044c\u044f\u043d\u043e\u0432 \u041c\u0430\u043a\u0441\u0438\u043c \u0413\u0435\u043d\u043d\u0430\u0434\u044c\u0435\u0432\u0438\u0447','89756466465','lmg@gmail.com','9787477821','e398301c-1378-4c52-83a5-9265bb3aea77')
COMMIT
INSERT INTO CLIENTS VALUES('c2c463ba-eea3-42b7-af5e-333c98566c04','\u041f\u0435\u0440\u0435\u043b\u044b\u0433\u0438\u043d \u0410\u043d\u0434\u0440\u0435\u0439 \u0412\u043b\u0430\u0434\u0438\u043c\u0438\u0440\u043e\u0432\u0438\u0447','89605057732','pav@yandex.ru','8676343558','9652c670-7e5c-4721-b0f1-df6889b5d01a')
COMMIT
INSERT INTO CLIENTS VALUES('e36f88b8-fc92-4e02-ae67-5f16c78e0c86','\u0427\u0435\u0440\u043d\u044f\u0435\u0432 \u0410\u043d\u0430\u0442\u043e\u043b\u0438\u0439 \u0421\u0435\u0440\u0433\u0435\u0435\u0432\u0438\u0447','89575463376','chas@mail.ru','2456588512','e1390fd4-f0e1-4a1b-9634-5994d183f98f')
COMMIT
INSERT INTO CREDITS VALUES('6bb6d584-5c46-4d3d-9529-f360178a0719',1000000,10.5E0,'9652c670-7e5c-4721-b0f1-df6889b5d01a')
COMMIT
INSERT INTO CREDITS VALUES('6ee0c8db-c4c3-4f2f-93b8-1359a9341eb2',2000000,11.0E0,'e1390fd4-f0e1-4a1b-9634-5994d183f98f')
COMMIT
INSERT INTO CREDITS VALUES('1d3fb6d3-4df2-44a3-933f-6d0cd6c56b9d',5000000,8.6E0,'52ce0a67-a20a-4bda-a22e-6e4b1a28a65d')
COMMIT
INSERT INTO CREDITS VALUES('36f4b231-17f5-499e-ad69-990e38e880f0',5000000,8.0E0,'e398301c-1378-4c52-83a5-9265bb3aea77')
COMMIT
INSERT INTO SUPPLIES VALUES('ab3159fb-c6e1-4322-a930-f5b41dbe70a3','74a2fa2f-80f0-408c-8a78-dfdc3e046ddf','299b1039-1b02-437c-83be-f7d1bdd13731',5000000.0E0,10,'2021-07-13')
COMMIT
